<?xml version="1.0" encoding="UTF-8"?>
<!-- Generated by org.testng.reporters.JUnitReportReporter -->
<testsuite hostname="DESKTOP-23HNN2E" name="restassured.DeleteXML" tests="1" failures="0" timestamp="9 Jan 2020 22:28:58 GMT" time="3.068" errors="0">
  <testcase name="post" time="3.068" classname="restassured.DeleteXML"/>
</testsuite> <!-- restassured.DeleteXML -->
