<?xml version="1.0" encoding="UTF-8"?>
<!-- Generated by org.testng.reporters.JUnitReportReporter -->
<testsuite hostname="DESKTOP-23HNN2E" name="restassured.DeleteRest" tests="1" failures="0" timestamp="12 Sep 2019 20:43:12 GMT" time="4.185" errors="0">
  <testcase name="post" time="4.185" classname="restassured.DeleteRest"/>
</testsuite> <!-- restassured.DeleteRest -->
