<?xml version="1.0" encoding="UTF-8"?>
<!-- Generated by org.testng.reporters.JUnitReportReporter -->
<testsuite hostname="DESKTOP-23HNN2E" name="restassured.GetJson" tests="1" failures="0" timestamp="9 Jan 2020 22:28:58 GMT" time="0.281" errors="0">
  <testcase name="get" time="0.281" classname="restassured.GetJson"/>
</testsuite> <!-- restassured.GetJson -->
